{
  "stats": {
    "suites": 1,
    "tests": 3,
    "passes": 3,
    "pending": 0,
    "failures": 0,
    "start": "2025-12-28T16:48:13.414Z",
    "end": "2025-12-28T16:48:27.286Z",
    "duration": 13872,
    "testsRegistered": 3,
    "passPercent": 100,
    "pendingPercent": 0,
    "other": 0,
    "hasOther": false,
    "skipped": 0,
    "hasSkipped": false
  },
  "results": [
    {
      "uuid": "e39098c9-37c3-4b7a-973f-20c3744c1300",
      "title": "",
      "fullFile": "cypress\\e2e\\pomdemo.cy.js",
      "file": "cypress\\e2e\\pomdemo.cy.js",
      "beforeHooks": [],
      "afterHooks": [],
      "tests": [],
      "suites": [
        {
          "uuid": "4adea7a3-de06-4c5f-97c9-acc697e72a2b",
          "title": "All Login Tests",
          "fullFile": "",
          "file": "",
          "beforeHooks": [],
          "afterHooks": [],
          "tests": [
            {
              "title": "Login with valid credentials",
              "fullTitle": "All Login Tests Login with valid credentials",
              "timedOut": null,
              "duration": 5327,
              "state": "passed",
              "speed": "medium",
              "pass": true,
              "fail": false,
              "pending": false,
              "context": null,
              "code": "loginPage.enterUsername('Admin');\nloginPage.enterPassword('admin123');\nloginPage.clickLogin();\ncy.get('#app h6.oxd-text').click().should('contain', 'Dashboard').should('be.visible');",
              "err": {},
              "uuid": "eb30cfe7-b53d-4b9b-acda-c6ca24f6a9fc",
              "parentUUID": "4adea7a3-de06-4c5f-97c9-acc697e72a2b",
              "isHook": false,
              "skipped": false
            },
            {
              "title": "Login with invalid username",
              "fullTitle": "All Login Tests Login with invalid username",
              "timedOut": null,
              "duration": 3458,
              "state": "passed",
              "speed": "fast",
              "pass": true,
              "fail": false,
              "pending": false,
              "context": null,
              "code": "loginPage.enterUsername('Admin1');\nloginPage.enterPassword('admin123');\nloginPage.clickLogin();\ncy.get('#app p.oxd-alert-content-text').click().should('contain', 'Invalid credentials').should('be.visible');",
              "err": {},
              "uuid": "3e2dd447-6183-4ac6-b78b-4da0416dc543",
              "parentUUID": "4adea7a3-de06-4c5f-97c9-acc697e72a2b",
              "isHook": false,
              "skipped": false
            },
            {
              "title": "Login with invalid password",
              "fullTitle": "All Login Tests Login with invalid password",
              "timedOut": null,
              "duration": 3050,
              "state": "passed",
              "speed": "fast",
              "pass": true,
              "fail": false,
              "pending": false,
              "context": null,
              "code": "loginPage.enterUsername('Admin');\nloginPage.enterPassword('admin1234');\nloginPage.clickLogin();\ncy.get('#app p.oxd-alert-content-text').click().should('contain', 'Invalid credentials').should('be.visible');",
              "err": {},
              "uuid": "eedf1c06-a761-4934-8a43-a83fed3d77f5",
              "parentUUID": "4adea7a3-de06-4c5f-97c9-acc697e72a2b",
              "isHook": false,
              "skipped": false
            }
          ],
          "suites": [],
          "passes": [
            "eb30cfe7-b53d-4b9b-acda-c6ca24f6a9fc",
            "3e2dd447-6183-4ac6-b78b-4da0416dc543",
            "eedf1c06-a761-4934-8a43-a83fed3d77f5"
          ],
          "failures": [],
          "pending": [],
          "skipped": [],
          "duration": 11835,
          "root": false,
          "rootEmpty": false,
          "_timeout": 2000
        }
      ],
      "passes": [],
      "failures": [],
      "pending": [],
      "skipped": [],
      "duration": 0,
      "root": true,
      "rootEmpty": true,
      "_timeout": 2000
    }
  ],
  "meta": {
    "mocha": {
      "version": "7.2.0"
    },
    "mochawesome": {
      "options": {
        "quiet": false,
        "reportFilename": "mochawesome",
        "saveHtml": false,
        "saveJson": true,
        "consoleReporter": "spec",
        "useInlineDiffs": false,
        "code": true
      },
      "version": "7.1.4"
    },
    "marge": {
      "options": {
        "charts": true,
        "overwrite": false,
        "html": false,
        "json": true,
        "reportDir": "cypress/report"
      },
      "version": "6.3.2"
    }
  }
}