{
  "stats": {
    "suites": 1,
    "tests": 1,
    "passes": 1,
    "pending": 0,
    "failures": 0,
    "start": "2025-12-28T16:48:00.648Z",
    "end": "2025-12-28T16:48:06.567Z",
    "duration": 5919,
    "testsRegistered": 1,
    "passPercent": 100,
    "pendingPercent": 0,
    "other": 0,
    "hasOther": false,
    "skipped": 0,
    "hasSkipped": false
  },
  "results": [
    {
      "uuid": "740881d2-d8f0-4446-ac23-46deb5bd370c",
      "title": "",
      "fullFile": "cypress\\e2e\\assertiondemo.cy.js",
      "file": "cypress\\e2e\\assertiondemo.cy.js",
      "beforeHooks": [],
      "afterHooks": [],
      "tests": [],
      "suites": [
        {
          "uuid": "f0cf274c-6d56-4f0a-8c0b-e6de92c7bd5a",
          "title": "assertion",
          "fullFile": "",
          "file": "",
          "beforeHooks": [],
          "afterHooks": [],
          "tests": [
            {
              "title": "assertion",
              "fullTitle": "assertion assertion",
              "timedOut": null,
              "duration": 3127,
              "state": "passed",
              "speed": "fast",
              "pass": true,
              "fail": false,
              "pending": false,
              "context": null,
              "code": "cy.visit('https://opensource-demo.orangehrmlive.com/web/index.php/auth/login');\ncy.get('#app button.oxd-button').should('contain', 'Login').should('be.visible');",
              "err": {},
              "uuid": "8bc774ec-8cf9-4daa-a916-9d459f6d5867",
              "parentUUID": "f0cf274c-6d56-4f0a-8c0b-e6de92c7bd5a",
              "isHook": false,
              "skipped": false
            }
          ],
          "suites": [],
          "passes": [
            "8bc774ec-8cf9-4daa-a916-9d459f6d5867"
          ],
          "failures": [],
          "pending": [],
          "skipped": [],
          "duration": 3127,
          "root": false,
          "rootEmpty": false,
          "_timeout": 2000
        }
      ],
      "passes": [],
      "failures": [],
      "pending": [],
      "skipped": [],
      "duration": 0,
      "root": true,
      "rootEmpty": true,
      "_timeout": 2000
    }
  ],
  "meta": {
    "mocha": {
      "version": "7.2.0"
    },
    "mochawesome": {
      "options": {
        "quiet": false,
        "reportFilename": "mochawesome",
        "saveHtml": false,
        "saveJson": true,
        "consoleReporter": "spec",
        "useInlineDiffs": false,
        "code": true
      },
      "version": "7.1.4"
    },
    "marge": {
      "options": {
        "charts": true,
        "overwrite": false,
        "html": false,
        "json": true,
        "reportDir": "cypress/report"
      },
      "version": "6.3.2"
    }
  }
}